<?xml version="1.0" encoding="UTF-8"?>
<coverage generated="1776240557833" clover="3.2.0">
  <project timestamp="1776240557833" name="All files">
    <metrics statements="64" coveredstatements="26" conditionals="26" coveredconditionals="4" methods="19" coveredmethods="5" elements="109" coveredelements="35" complexity="0" loc="64" ncloc="64" packages="3" files="3" classes="3"/>
    <package name="api">
      <metrics statements="16" coveredstatements="5" conditionals="9" coveredconditionals="0" methods="4" coveredmethods="0"/>
      <file name="authApi.ts" path="C:\Users\user\Desktop\PROJECTS\REACT-PROJECTS\job-portal\src\api\authApi.ts">
        <metrics statements="16" coveredstatements="5" conditionals="9" coveredconditionals="0" methods="4" coveredmethods="0"/>
        <line num="4" count="1" type="stmt"/>
        <line num="6" count="1" type="stmt"/>
        <line num="7" count="0" type="stmt"/>
        <line num="8" count="0" type="cond" truecount="0" falsecount="2"/>
        <line num="11" count="1" type="stmt"/>
        <line num="12" count="0" type="stmt"/>
        <line num="15" count="1" type="stmt"/>
        <line num="16" count="0" type="cond" truecount="0" falsecount="2"/>
        <line num="17" count="0" type="stmt"/>
        <line num="23" count="0" type="stmt"/>
        <line num="24" count="0" type="stmt"/>
        <line num="27" count="1" type="stmt"/>
        <line num="28" count="0" type="stmt"/>
        <line num="29" count="0" type="cond" truecount="0" falsecount="5"/>
        <line num="30" count="0" type="stmt"/>
        <line num="38" count="0" type="stmt"/>
      </file>
    </package>
    <package name="components.auth">
      <metrics statements="17" coveredstatements="16" conditionals="8" coveredconditionals="4" methods="5" coveredmethods="5"/>
      <file name="LoginForm.tsx" path="C:\Users\user\Desktop\PROJECTS\REACT-PROJECTS\job-portal\src\components\auth\LoginForm.tsx">
        <metrics statements="17" coveredstatements="16" conditionals="8" coveredconditionals="4" methods="5" coveredmethods="5"/>
        <line num="8" count="1" type="stmt"/>
        <line num="9" count="28" type="stmt"/>
        <line num="10" count="28" type="stmt"/>
        <line num="11" count="28" type="stmt"/>
        <line num="13" count="28" type="stmt"/>
        <line num="14" count="28" type="stmt"/>
        <line num="16" count="28" type="stmt"/>
        <line num="17" count="1" type="stmt"/>
        <line num="19" count="1" type="stmt"/>
        <line num="21" count="1" type="cond" truecount="1" falsecount="1"/>
        <line num="22" count="1" type="stmt"/>
        <line num="24" count="1" type="cond" truecount="1" falsecount="1"/>
        <line num="25" count="0" type="stmt"/>
        <line num="27" count="1" type="stmt"/>
        <line num="32" count="28" type="stmt"/>
        <line num="52" count="16" type="stmt"/>
        <line num="67" count="11" type="stmt"/>
      </file>
    </package>
    <package name="store">
      <metrics statements="31" coveredstatements="5" conditionals="9" coveredconditionals="0" methods="10" coveredmethods="0"/>
      <file name="authSlice.ts" path="C:\Users\user\Desktop\PROJECTS\REACT-PROJECTS\job-portal\src\store\authSlice.ts">
        <metrics statements="31" coveredstatements="5" conditionals="9" coveredconditionals="0" methods="10" coveredmethods="0"/>
        <line num="12" count="1" type="stmt"/>
        <line num="18" count="1" type="stmt"/>
        <line num="24" count="0" type="stmt"/>
        <line num="25" count="0" type="stmt"/>
        <line num="26" count="0" type="stmt"/>
        <line num="33" count="0" type="cond" truecount="0" falsecount="5"/>
        <line num="34" count="0" type="stmt"/>
        <line num="36" count="0" type="stmt"/>
        <line num="40" count="1" type="stmt"/>
        <line num="43" count="0" type="stmt"/>
        <line num="44" count="0" type="stmt"/>
        <line num="48" count="0" type="stmt"/>
        <line num="55" count="0" type="stmt"/>
        <line num="56" count="0" type="stmt"/>
        <line num="61" count="1" type="stmt"/>
        <line num="66" count="0" type="stmt"/>
        <line num="70" count="0" type="stmt"/>
        <line num="72" count="0" type="stmt"/>
        <line num="73" count="0" type="stmt"/>
        <line num="76" count="0" type="stmt"/>
        <line num="77" count="0" type="stmt"/>
        <line num="80" count="0" type="stmt"/>
        <line num="81" count="0" type="stmt"/>
        <line num="82" count="0" type="stmt"/>
        <line num="85" count="0" type="stmt"/>
        <line num="86" count="0" type="stmt"/>
        <line num="89" count="0" type="stmt"/>
        <line num="90" count="0" type="stmt"/>
        <line num="93" count="0" type="stmt"/>
        <line num="94" count="0" type="stmt"/>
        <line num="99" count="1" type="stmt"/>
      </file>
    </package>
  </project>
</coverage>
