{"C:\\Users\\user\\Desktop\\PROJECTS\\REACT-PROJECTS\\job-portal\\src\\api\\authApi.ts": {"path":"C:\\Users\\user\\Desktop\\PROJECTS\\REACT-PROJECTS\\job-portal\\src\\api\\authApi.ts","statementMap":{"0":{"start":{"line":4,"column":17},"end":{"line":4,"column":null}},"1":{"start":{"line":6,"column":33},"end":{"line":9,"column":null}},"2":{"start":{"line":7,"column":19},"end":{"line":7,"column":null}},"3":{"start":{"line":8,"column":2},"end":{"line":8,"column":null}},"4":{"start":{"line":11,"column":26},"end":{"line":13,"column":null}},"5":{"start":{"line":12,"column":2},"end":{"line":12,"column":null}},"6":{"start":{"line":15,"column":28},"end":{"line":25,"column":null}},"7":{"start":{"line":16,"column":36},"end":{"line":16,"column":null}},"8":{"start":{"line":17,"column":21},"end":{"line":22,"column":null}},"9":{"start":{"line":23,"column":2},"end":{"line":23,"column":null}},"10":{"start":{"line":24,"column":2},"end":{"line":24,"column":null}},"11":{"start":{"line":27,"column":25},"end":{"line":40,"column":null}},"12":{"start":{"line":28,"column":25},"end":{"line":28,"column":null}},"13":{"start":{"line":29,"column":2},"end":{"line":39,"column":null}},"14":{"start":{"line":30,"column":4},"end":{"line":36,"column":null}},"15":{"start":{"line":38,"column":4},"end":{"line":38,"column":null}}},"fnMap":{"0":{"name":"(anonymous_0)","decl":{"start":{"line":6,"column":33},"end":{"line":6,"column":66}},"loc":{"start":{"line":6,"column":66},"end":{"line":9,"column":null}},"line":6},"1":{"name":"(anonymous_1)","decl":{"start":{"line":11,"column":26},"end":{"line":11,"column":53}},"loc":{"start":{"line":11,"column":53},"end":{"line":13,"column":null}},"line":11},"2":{"name":"(anonymous_2)","decl":{"start":{"line":15,"column":28},"end":{"line":15,"column":35}},"loc":{"start":{"line":15,"column":73},"end":{"line":25,"column":null}},"line":15},"3":{"name":"(anonymous_3)","decl":{"start":{"line":27,"column":25},"end":{"line":27,"column":32}},"loc":{"start":{"line":27,"column":83},"end":{"line":40,"column":null}},"line":27}},"branchMap":{"0":{"loc":{"start":{"line":8,"column":9},"end":{"line":8,"column":null}},"type":"cond-expr","locations":[{"start":{"line":8,"column":20},"end":{"line":8,"column":43}},{"start":{"line":8,"column":43},"end":{"line":8,"column":null}}],"line":8},"1":{"loc":{"start":{"line":16,"column":36},"end":{"line":16,"column":null}},"type":"cond-expr","locations":[{"start":{"line":16,"column":77},"end":{"line":16,"column":87}},{"start":{"line":16,"column":87},"end":{"line":16,"column":null}}],"line":16},"2":{"loc":{"start":{"line":29,"column":2},"end":{"line":39,"column":null}},"type":"if","locations":[{"start":{"line":29,"column":2},"end":{"line":39,"column":null}},{"start":{"line":37,"column":9},"end":{"line":39,"column":null}}],"line":29},"3":{"loc":{"start":{"line":29,"column":6},"end":{"line":29,"column":120}},"type":"binary-expr","locations":[{"start":{"line":29,"column":6},"end":{"line":29,"column":24}},{"start":{"line":29,"column":24},"end":{"line":29,"column":70}},{"start":{"line":29,"column":70},"end":{"line":29,"column":120}}],"line":29}},"s":{"0":1,"1":1,"2":0,"3":0,"4":1,"5":0,"6":1,"7":0,"8":0,"9":0,"10":0,"11":1,"12":0,"13":0,"14":0,"15":0},"f":{"0":0,"1":0,"2":0,"3":0},"b":{"0":[0,0],"1":[0,0],"2":[0,0],"3":[0,0,0]},"meta":{"lastBranch":4,"lastFunction":4,"lastStatement":16,"seen":{"s:4:17:4:Infinity":0,"s:6:33:9:Infinity":1,"f:6:33:6:66":0,"s:7:19:7:Infinity":2,"s:8:2:8:Infinity":3,"b:8:20:8:43:8:43:8:Infinity":0,"s:11:26:13:Infinity":4,"f:11:26:11:53":1,"s:12:2:12:Infinity":5,"s:15:28:25:Infinity":6,"f:15:28:15:35":2,"s:16:36:16:Infinity":7,"b:16:77:16:87:16:87:16:Infinity":1,"s:17:21:22:Infinity":8,"s:23:2:23:Infinity":9,"s:24:2:24:Infinity":10,"s:27:25:40:Infinity":11,"f:27:25:27:32":3,"s:28:25:28:Infinity":12,"b:29:2:39:Infinity:37:9:39:Infinity":2,"s:29:2:39:Infinity":13,"b:29:6:29:24:29:24:29:70:29:70:29:120":3,"s:30:4:36:Infinity":14,"s:38:4:38:Infinity":15}}}
,"C:\\Users\\user\\Desktop\\PROJECTS\\REACT-PROJECTS\\job-portal\\src\\components\\auth\\LoginForm.tsx": {"path":"C:\\Users\\user\\Desktop\\PROJECTS\\REACT-PROJECTS\\job-portal\\src\\components\\auth\\LoginForm.tsx","statementMap":{"0":{"start":{"line":8,"column":18},"end":{"line":96,"column":null}},"1":{"start":{"line":9,"column":8},"end":{"line":9,"column":null}},"2":{"start":{"line":10,"column":8},"end":{"line":10,"column":null}},"3":{"start":{"line":11,"column":25},"end":{"line":11,"column":null}},"4":{"start":{"line":11,"column":63},"end":{"line":11,"column":73}},"5":{"start":{"line":13,"column":24},"end":{"line":13,"column":null}},"6":{"start":{"line":14,"column":30},"end":{"line":14,"column":null}},"7":{"start":{"line":16,"column":23},"end":{"line":30,"column":null}},"8":{"start":{"line":17,"column":4},"end":{"line":17,"column":null}},"9":{"start":{"line":19,"column":17},"end":{"line":19,"column":null}},"10":{"start":{"line":21,"column":2},"end":{"line":29,"column":null}},"11":{"start":{"line":22,"column":17},"end":{"line":22,"column":null}},"12":{"start":{"line":24,"column":4},"end":{"line":28,"column":null}},"13":{"start":{"line":25,"column":6},"end":{"line":25,"column":null}},"14":{"start":{"line":27,"column":6},"end":{"line":27,"column":null}},"15":{"start":{"line":32,"column":2},"end":{"line":94,"column":null}},"16":{"start":{"line":52,"column":27},"end":{"line":52,"column":null}},"17":{"start":{"line":67,"column":27},"end":{"line":67,"column":null}}},"fnMap":{"0":{"name":"(anonymous_0)","decl":{"start":{"line":8,"column":18},"end":{"line":8,"column":24}},"loc":{"start":{"line":8,"column":24},"end":{"line":96,"column":null}},"line":8},"1":{"name":"(anonymous_1)","decl":{"start":{"line":11,"column":41},"end":{"line":11,"column":42}},"loc":{"start":{"line":11,"column":63},"end":{"line":11,"column":73}},"line":11},"2":{"name":"(anonymous_2)","decl":{"start":{"line":16,"column":23},"end":{"line":16,"column":29}},"loc":{"start":{"line":16,"column":52},"end":{"line":30,"column":null}},"line":16},"3":{"name":"(anonymous_3)","decl":{"start":{"line":52,"column":20},"end":{"line":52,"column":21}},"loc":{"start":{"line":52,"column":27},"end":{"line":52,"column":null}},"line":52},"4":{"name":"(anonymous_4)","decl":{"start":{"line":67,"column":20},"end":{"line":67,"column":21}},"loc":{"start":{"line":67,"column":27},"end":{"line":67,"column":null}},"line":67}},"branchMap":{"0":{"loc":{"start":{"line":21,"column":2},"end":{"line":29,"column":null}},"type":"if","locations":[{"start":{"line":21,"column":2},"end":{"line":29,"column":null}},{"start":{},"end":{}}],"line":21},"1":{"loc":{"start":{"line":24,"column":4},"end":{"line":28,"column":null}},"type":"if","locations":[{"start":{"line":24,"column":4},"end":{"line":28,"column":null}},{"start":{"line":26,"column":11},"end":{"line":28,"column":null}}],"line":24},"2":{"loc":{"start":{"line":39,"column":7},"end":{"line":39,"column":null}},"type":"binary-expr","locations":[{"start":{"line":39,"column":7},"end":{"line":39,"column":16}},{"start":{"line":39,"column":16},"end":{"line":39,"column":null}}],"line":39},"3":{"loc":{"start":{"line":78,"column":9},"end":{"line":78,"column":null}},"type":"cond-expr","locations":[{"start":{"line":78,"column":19},"end":{"line":78,"column":37}},{"start":{"line":78,"column":37},"end":{"line":78,"column":null}}],"line":78}},"s":{"0":1,"1":28,"2":28,"3":28,"4":28,"5":28,"6":28,"7":28,"8":1,"9":1,"10":1,"11":1,"12":1,"13":0,"14":1,"15":28,"16":16,"17":11},"f":{"0":28,"1":28,"2":1,"3":16,"4":11},"b":{"0":[1,0],"1":[0,1],"2":[28,0],"3":[0,28]},"meta":{"lastBranch":4,"lastFunction":5,"lastStatement":18,"seen":{"s:8:18:96:Infinity":0,"f:8:18:8:24":0,"s:9:8:9:Infinity":1,"s:10:8:10:Infinity":2,"s:11:25:11:Infinity":3,"f:11:41:11:42":1,"s:11:63:11:73":4,"s:13:24:13:Infinity":5,"s:14:30:14:Infinity":6,"s:16:23:30:Infinity":7,"f:16:23:16:29":2,"s:17:4:17:Infinity":8,"s:19:17:19:Infinity":9,"b:21:2:29:Infinity:undefined:undefined:undefined:undefined":0,"s:21:2:29:Infinity":10,"s:22:17:22:Infinity":11,"b:24:4:28:Infinity:26:11:28:Infinity":1,"s:24:4:28:Infinity":12,"s:25:6:25:Infinity":13,"s:27:6:27:Infinity":14,"s:32:2:94:Infinity":15,"b:39:7:39:16:39:16:39:Infinity":2,"f:52:20:52:21":3,"s:52:27:52:Infinity":16,"f:67:20:67:21":4,"s:67:27:67:Infinity":17,"b:78:19:78:37:78:37:78:Infinity":3}}}
,"C:\\Users\\user\\Desktop\\PROJECTS\\REACT-PROJECTS\\job-portal\\src\\store\\authSlice.ts": {"path":"C:\\Users\\user\\Desktop\\PROJECTS\\REACT-PROJECTS\\job-portal\\src\\store\\authSlice.ts","statementMap":{"0":{"start":{"line":12,"column":32},"end":{"line":16,"column":null}},"1":{"start":{"line":18,"column":13},"end":{"line":38,"column":null}},"2":{"start":{"line":24,"column":0},"end":{"line":37,"column":null}},"3":{"start":{"line":25,"column":15},"end":{"line":25,"column":null}},"4":{"start":{"line":26,"column":2},"end":{"line":31,"column":null}},"5":{"start":{"line":33,"column":2},"end":{"line":35,"column":null}},"6":{"start":{"line":34,"column":4},"end":{"line":34,"column":null}},"7":{"start":{"line":36,"column":3},"end":{"line":36,"column":null}},"8":{"start":{"line":40,"column":13},"end":{"line":59,"column":null}},"9":{"start":{"line":43,"column":4},"end":{"line":57,"column":null}},"10":{"start":{"line":44,"column":23},"end":{"line":47,"column":null}},"11":{"start":{"line":48,"column":6},"end":{"line":53,"column":null}},"12":{"start":{"line":55,"column":20},"end":{"line":55,"column":null}},"13":{"start":{"line":56,"column":6},"end":{"line":56,"column":null}},"14":{"start":{"line":61,"column":6},"end":{"line":97,"column":null}},"15":{"start":{"line":66,"column":6},"end":{"line":66,"column":null}},"16":{"start":{"line":70,"column":4},"end":{"line":95,"column":null}},"17":{"start":{"line":72,"column":6},"end":{"line":72,"column":null}},"18":{"start":{"line":73,"column":6},"end":{"line":73,"column":null}},"19":{"start":{"line":76,"column":6},"end":{"line":76,"column":null}},"20":{"start":{"line":77,"column":6},"end":{"line":77,"column":null}},"21":{"start":{"line":80,"column":8},"end":{"line":80,"column":null}},"22":{"start":{"line":81,"column":8},"end":{"line":81,"column":null}},"23":{"start":{"line":82,"column":8},"end":{"line":82,"column":null}},"24":{"start":{"line":85,"column":6},"end":{"line":85,"column":null}},"25":{"start":{"line":86,"column":6},"end":{"line":86,"column":null}},"26":{"start":{"line":89,"column":6},"end":{"line":89,"column":null}},"27":{"start":{"line":90,"column":6},"end":{"line":90,"column":null}},"28":{"start":{"line":93,"column":8},"end":{"line":93,"column":null}},"29":{"start":{"line":94,"column":8},"end":{"line":94,"column":null}},"30":{"start":{"line":99,"column":26},"end":{"line":99,"column":null}}},"fnMap":{"0":{"name":"(anonymous_0)","decl":{"start":{"line":23,"column":2},"end":{"line":23,"column":9}},"loc":{"start":{"line":23,"column":43},"end":{"line":38,"column":4}},"line":23},"1":{"name":"(anonymous_1)","decl":{"start":{"line":42,"column":2},"end":{"line":42,"column":9}},"loc":{"start":{"line":42,"column":49},"end":{"line":58,"column":null}},"line":42},"2":{"name":"(anonymous_2)","decl":{"start":{"line":65,"column":4},"end":{"line":65,"column":11}},"loc":{"start":{"line":65,"column":18},"end":{"line":67,"column":null}},"line":65},"3":{"name":"(anonymous_3)","decl":{"start":{"line":69,"column":17},"end":{"line":69,"column":18}},"loc":{"start":{"line":69,"column":30},"end":{"line":96,"column":null}},"line":69},"4":{"name":"(anonymous_4)","decl":{"start":{"line":71,"column":28},"end":{"line":71,"column":29}},"loc":{"start":{"line":71,"column":39},"end":{"line":74,"column":5}},"line":71},"5":{"name":"(anonymous_5)","decl":{"start":{"line":75,"column":29},"end":{"line":75,"column":30}},"loc":{"start":{"line":75,"column":48},"end":{"line":78,"column":5}},"line":75},"6":{"name":"(anonymous_6)","decl":{"start":{"line":79,"column":30},"end":{"line":79,"column":31}},"loc":{"start":{"line":79,"column":49},"end":{"line":83,"column":5}},"line":79},"7":{"name":"(anonymous_7)","decl":{"start":{"line":84,"column":31},"end":{"line":84,"column":32}},"loc":{"start":{"line":84,"column":42},"end":{"line":87,"column":5}},"line":84},"8":{"name":"(anonymous_8)","decl":{"start":{"line":88,"column":32},"end":{"line":88,"column":33}},"loc":{"start":{"line":88,"column":51},"end":{"line":91,"column":5}},"line":88},"9":{"name":"(anonymous_9)","decl":{"start":{"line":92,"column":33},"end":{"line":92,"column":34}},"loc":{"start":{"line":92,"column":52},"end":{"line":95,"column":5}},"line":92}},"branchMap":{"0":{"loc":{"start":{"line":29,"column":10},"end":{"line":29,"column":null}},"type":"cond-expr","locations":[{"start":{"line":29,"column":34},"end":{"line":29,"column":44}},{"start":{"line":29,"column":44},"end":{"line":29,"column":null}}],"line":29},"1":{"loc":{"start":{"line":33,"column":2},"end":{"line":35,"column":null}},"type":"if","locations":[{"start":{"line":33,"column":2},"end":{"line":35,"column":null}},{"start":{},"end":{}}],"line":33},"2":{"loc":{"start":{"line":33,"column":6},"end":{"line":33,"column":59}},"type":"binary-expr","locations":[{"start":{"line":33,"column":6},"end":{"line":33,"column":13}},{"start":{"line":33,"column":13},"end":{"line":33,"column":40}},{"start":{"line":33,"column":40},"end":{"line":33,"column":59}}],"line":33},"3":{"loc":{"start":{"line":51,"column":14},"end":{"line":51,"column":null}},"type":"binary-expr","locations":[{"start":{"line":51,"column":14},"end":{"line":51,"column":31}},{"start":{"line":51,"column":31},"end":{"line":51,"column":null}}],"line":51}},"s":{"0":1,"1":1,"2":0,"3":0,"4":0,"5":0,"6":0,"7":0,"8":1,"9":0,"10":0,"11":0,"12":0,"13":0,"14":1,"15":0,"16":0,"17":0,"18":0,"19":0,"20":0,"21":0,"22":0,"23":0,"24":0,"25":0,"26":0,"27":0,"28":0,"29":0,"30":1},"f":{"0":0,"1":0,"2":0,"3":0,"4":0,"5":0,"6":0,"7":0,"8":0,"9":0},"b":{"0":[0,0],"1":[0,0],"2":[0,0,0],"3":[0,0]},"meta":{"lastBranch":4,"lastFunction":10,"lastStatement":31,"seen":{"s:12:32:16:Infinity":0,"s:18:13:38:Infinity":1,"f:23:2:23:9":0,"s:24:0:37:Infinity":2,"s:25:15:25:Infinity":3,"s:26:2:31:Infinity":4,"b:29:34:29:44:29:44:29:Infinity":0,"b:33:2:35:Infinity:undefined:undefined:undefined:undefined":1,"s:33:2:35:Infinity":5,"b:33:6:33:13:33:13:33:40:33:40:33:59":2,"s:34:4:34:Infinity":6,"s:36:3:36:Infinity":7,"s:40:13:59:Infinity":8,"f:42:2:42:9":1,"s:43:4:57:Infinity":9,"s:44:23:47:Infinity":10,"s:48:6:53:Infinity":11,"b:51:14:51:31:51:31:51:Infinity":3,"s:55:20:55:Infinity":12,"s:56:6:56:Infinity":13,"s:61:6:97:Infinity":14,"f:65:4:65:11":2,"s:66:6:66:Infinity":15,"f:69:17:69:18":3,"s:70:4:95:Infinity":16,"f:71:28:71:29":4,"s:72:6:72:Infinity":17,"s:73:6:73:Infinity":18,"f:75:29:75:30":5,"s:76:6:76:Infinity":19,"s:77:6:77:Infinity":20,"f:79:30:79:31":6,"s:80:8:80:Infinity":21,"s:81:8:81:Infinity":22,"s:82:8:82:Infinity":23,"f:84:31:84:32":7,"s:85:6:85:Infinity":24,"s:86:6:86:Infinity":25,"f:88:32:88:33":8,"s:89:6:89:Infinity":26,"s:90:6:90:Infinity":27,"f:92:33:92:34":9,"s:93:8:93:Infinity":28,"s:94:8:94:Infinity":29,"s:99:26:99:Infinity":30}}}
}
